<?xml version="1.0" encoding="UTF-8"?>
<!-- Generated by org.testng.reporters.JUnitReportReporter -->
<testsuite hostname="LAPTOP-8TP6OQIJ" failures="0" tests="3" name="testNGConcepts.priority" time="0.016" errors="0" timestamp="2024-10-16T08:06:17 IST" skipped="0">
  <testcase classname="testNGConcepts.priority" name="verifyLogout" time="0.013"/>
  <testcase classname="testNGConcepts.priority" name="verifyLogin" time="0.001"/>
  <testcase classname="testNGConcepts.priority" name="verify_Login" time="0.002"/>
</testsuite> <!-- testNGConcepts.priority -->
