<?xml version="1.0" encoding="UTF-8"?>
<!-- Generated by org.testng.reporters.JUnitReportReporter -->
<testsuite hostname="LAPTOP-8TP6OQIJ" failures="0" tests="10" name="testNGConcepts.invocationCoutAndenabledDisabled" time="0.024" errors="0" timestamp="2024-10-19T10:08:16 IST" skipped="0">
  <testcase classname="testNGConcepts.invocationCoutAndenabledDisabled" name="method1" time="0.003"/>
  <testcase classname="testNGConcepts.invocationCoutAndenabledDisabled" name="method1" time="0.001"/>
  <testcase classname="testNGConcepts.invocationCoutAndenabledDisabled" name="method1" time="0.002"/>
  <testcase classname="testNGConcepts.invocationCoutAndenabledDisabled" name="method1" time="0.001"/>
  <testcase classname="testNGConcepts.invocationCoutAndenabledDisabled" name="method1" time="0.001"/>
  <testcase classname="testNGConcepts.invocationCoutAndenabledDisabled" name="method1" time="0.001"/>
  <testcase classname="testNGConcepts.invocationCoutAndenabledDisabled" name="method1" time="0.002"/>
  <testcase classname="testNGConcepts.invocationCoutAndenabledDisabled" name="method1" time="0.002"/>
  <testcase classname="testNGConcepts.invocationCoutAndenabledDisabled" name="method1" time="0.010"/>
  <testcase classname="testNGConcepts.invocationCoutAndenabledDisabled" name="method1" time="0.001"/>
</testsuite> <!-- testNGConcepts.invocationCoutAndenabledDisabled -->
