<?xml version="1.0" encoding="UTF-8"?>
<!-- Generated by org.testng.reporters.JUnitReportReporter -->
<testsuite hostname="LAPTOP-8TP6OQIJ" failures="0" tests="3" name="testNGConcepts.groups" time="0.016" errors="0" timestamp="2024-10-18T07:17:50 IST" skipped="0">
  <testcase classname="testNGConcepts.groups" name="methodB" time="0.001"/>
  <testcase classname="testNGConcepts.groups" name="methodA" time="0.013"/>
  <testcase classname="testNGConcepts.groups" name="methodC" time="0.002"/>
</testsuite> <!-- testNGConcepts.groups -->
