<?xml version="1.0" encoding="UTF-8"?>
<!-- Generated by org.testng.reporters.JUnitReportReporter -->
<testsuite hostname="LAPTOP-8TP6OQIJ" failures="0" tests="1" name="testNGConcepts.parameterization" time="3.626" errors="0" timestamp="2024-10-18T07:35:53 IST" skipped="0">
  <testcase classname="testNGConcepts.parameterization" name="methodA" time="3.626"/>
</testsuite> <!-- testNGConcepts.parameterization -->
