<?xml version="1.0" encoding="UTF-8"?>
<!-- Generated by org.testng.reporters.JUnitReportReporter -->
<testsuite hostname="LAPTOP-8TP6OQIJ" failures="0" tests="2" name="testNGConcepts.Demo2" time="0.003" errors="0" timestamp="2024-10-16T07:53:44 IST" skipped="0">
  <testcase classname="testNGConcepts.Demo2" name="verifyLogout" time="0.001"/>
  <testcase classname="testNGConcepts.Demo2" name="verifyProduct" time="0.002"/>
</testsuite> <!-- testNGConcepts.Demo2 -->
