<?xml version="1.0" encoding="UTF-8"?>
<!-- Generated by org.testng.reporters.JUnitReportReporter -->
<testsuite hostname="LAPTOP-8TP6OQIJ" failures="0" tests="2" name="testNGConcepts.dataProviderDemo" time="10.929" errors="0" timestamp="2024-10-19T09:35:23 IST" skipped="0">
  <testcase classname="testNGConcepts.dataProviderDemo" name="method1" time="5.302"/>
  <testcase classname="testNGConcepts.dataProviderDemo" name="method1" time="5.627"/>
</testsuite> <!-- testNGConcepts.dataProviderDemo -->
