<?xml version="1.0" encoding="UTF-8"?>
<!-- Generated by org.testng.reporters.JUnitReportReporter -->
<testsuite hostname="LAPTOP-8TP6OQIJ" failures="0" tests="3" name="testNGConcepts.dataProviderDemoWithExcel" time="13.572" errors="0" timestamp="2024-10-19T10:05:11 IST" skipped="0">
  <testcase classname="testNGConcepts.dataProviderDemoWithExcel" name="method1" time="5.361"/>
  <testcase classname="testNGConcepts.dataProviderDemoWithExcel" name="method1" time="4.226"/>
  <testcase classname="testNGConcepts.dataProviderDemoWithExcel" name="method1" time="3.985"/>
</testsuite> <!-- testNGConcepts.dataProviderDemoWithExcel -->
