<?xml version="1.0" encoding="UTF-8"?>
<!-- Generated by org.testng.reporters.JUnitReportReporter -->
<testsuite hostname="LAPTOP-8TP6OQIJ" failures="0" tests="1" name="testNGConcepts.Assertions" time="4.679" errors="0" timestamp="2024-10-18T08:03:14 IST" skipped="0">
  <testcase classname="testNGConcepts.Assertions" name="method2" time="4.679"/>
</testsuite> <!-- testNGConcepts.Assertions -->
