<?xml version="1.0" encoding="UTF-8"?>
<!-- Generated by org.testng.reporters.JUnitReportReporter -->
<testsuite hostname="LAPTOP-8TP6OQIJ" failures="0" tests="1" name="testNGConcepts.test2" time="0.001" errors="0" timestamp="2024-10-17T08:03:40 IST" skipped="0">
  <testcase classname="testNGConcepts.test2" name="method2" time="0.001"/>
</testsuite> <!-- testNGConcepts.test2 -->
