<?xml version="1.0" encoding="UTF-8"?>
<!-- Generated by org.testng.reporters.JUnitReportReporter -->
<testsuite hostname="LAPTOP-8TP6OQIJ" failures="0" tests="1" name="TestCases.addToCartTestCases" time="4.495" errors="0" timestamp="2024-10-24T07:48:01 IST" skipped="0">
  <testcase classname="TestCases.addToCartTestCases" name="verifyProductPriceBeforeAndAfter" time="4.495"/>
</testsuite> <!-- TestCases.addToCartTestCases -->
