<?xml version="1.0" encoding="UTF-8"?>
<!-- Generated by org.testng.reporters.JUnitReportReporter -->
<testsuite hostname="LAPTOP-8TP6OQIJ" failures="0" tests="3" name="testNGConcepts.dependsOnMethods" time="0.010" errors="0" timestamp="2024-10-18T07:09:34 IST" skipped="0">
  <testcase classname="testNGConcepts.dependsOnMethods" name="methodA" time="0.007"/>
  <testcase classname="testNGConcepts.dependsOnMethods" name="methodC" time="0.001"/>
  <testcase classname="testNGConcepts.dependsOnMethods" name="methodB" time="0.002"/>
</testsuite> <!-- testNGConcepts.dependsOnMethods -->
