<?xml version="1.0" encoding="UTF-8"?>
<!-- Generated by org.testng.reporters.JUnitReportReporter -->
<testsuite hostname="LAPTOP-8TP6OQIJ" failures="0" tests="1" name="testNGConcepts.test1" time="0.012" errors="0" timestamp="2024-10-17T08:03:40 IST" skipped="0">
  <testcase classname="testNGConcepts.test1" name="method1" time="0.012"/>
</testsuite> <!-- testNGConcepts.test1 -->
