<?xml version="1.0" encoding="UTF-8"?>
<!-- Generated by org.testng.reporters.JUnitReportReporter -->
<testsuite hostname="LAPTOP-8TP6OQIJ" failures="0" tests="2" name="testNGConcepts.Demo1" time="0.012" errors="0" timestamp="2024-10-16T07:53:44 IST" skipped="0">
  <testcase classname="testNGConcepts.Demo1" name="verifyRegisteration" time="0.002"/>
  <testcase classname="testNGConcepts.Demo1" name="verifyLogin" time="0.010"/>
</testsuite> <!-- testNGConcepts.Demo1 -->
